<?xml version="1.0" encoding="UTF-8"?>
<!-- Generated by org.testng.reporters.JUnitReportReporter -->
<testsuite skipped="0" hostname="Raguraman" name="testCases.TestSignIn" tests="1" failures="0" timestamp="24 Apr 2020 12:45:59 GMT" time="2.926" errors="0">
  <testcase name="verifySignIn" time="2.926" classname="testCases.TestSignIn"/>
</testsuite> <!-- testCases.TestSignIn -->
